2017-01-15 11:40:16,838 [Worker-2] INFO  c.g.t.t.d.PublishedGradleVersions - Gradle version information cache is up-to-date. Trying to read.
2017-01-16 09:00:50,399 [Worker-0] INFO  c.g.t.t.d.PublishedGradleVersions - Gradle version information cache is up-to-date. Trying to read.
2017-01-16 16:22:32,729 [Worker-2] INFO  c.g.t.t.d.PublishedGradleVersions - Gradle version information cache is out-of-date. Trying to update.
2017-01-16 16:27:55,093 [Worker-13] INFO  o.e.m.c.i.l.LifecycleMappingFactory - Using NULL lifecycle mapping for MavenProject: Fibonacci:Fibonacci:0.0.1-SNAPSHOT @ D:\Users\204069337\Documents\ACE\Material\16 Continuous Integration\Homework\Workspace\Fibonacci\pom.xml.
2017-01-16 16:27:55,490 [Worker-13] INFO  o.e.m.c.i.p.ProjectConfigurationManager - Update started
2017-01-16 16:27:55,518 [Worker-13] INFO  o.e.m.c.i.l.LifecycleMappingFactory - Using NULL lifecycle mapping for MavenProject: Fibonacci:Fibonacci:0.0.1-SNAPSHOT @ D:\Users\204069337\Documents\ACE\Material\16 Continuous Integration\Homework\Workspace\Fibonacci\pom.xml.
2017-01-16 16:27:55,578 [Worker-13] INFO  o.e.m.c.i.p.ProjectConfigurationManager - Update completed: 0 sec
2017-01-16 16:51:48,540 [Worker-14] INFO  o.e.m.c.i.e.AbstractTransferListenerAdapter - Downloaded https://repo.maven.apache.org/maven2/org/apache/maven/plugins/maven-clean-plugin/2.5/maven-clean-plugin-2.5.jar
2017-01-16 16:51:48,550 [Worker-14] INFO  o.e.m.c.i.e.AbstractTransferListenerAdapter - Downloaded https://repo.maven.apache.org/maven2/org/apache/maven/plugins/maven-resources-plugin/2.6/maven-resources-plugin-2.6.jar
2017-01-16 16:51:48,550 [Worker-14] INFO  o.e.m.c.i.e.AbstractTransferListenerAdapter - Downloaded https://repo.maven.apache.org/maven2/org/apache/maven/plugins/maven-compiler-plugin/3.5.1/maven-compiler-plugin-3.5.1.jar
2017-01-16 16:51:48,600 [Worker-14] INFO  o.e.m.c.i.e.AbstractTransferListenerAdapter - Downloaded https://repo.maven.apache.org/maven2/org/apache/maven/plugins/maven-surefire-plugin/2.12.4/maven-surefire-plugin-2.12.4.jar
2017-01-16 16:51:48,610 [Worker-14] INFO  o.e.m.c.i.e.AbstractTransferListenerAdapter - Downloaded https://repo.maven.apache.org/maven2/org/apache/maven/plugins/maven-jar-plugin/2.4/maven-jar-plugin-2.4.jar
2017-01-16 16:51:48,620 [Worker-14] INFO  o.e.m.c.i.e.AbstractTransferListenerAdapter - Downloaded https://repo.maven.apache.org/maven2/org/apache/maven/plugins/maven-install-plugin/2.4/maven-install-plugin-2.4.jar
2017-01-16 16:51:48,630 [Worker-14] INFO  o.e.m.c.i.e.AbstractTransferListenerAdapter - Downloaded https://repo.maven.apache.org/maven2/org/apache/maven/plugins/maven-deploy-plugin/2.7/maven-deploy-plugin-2.7.jar
2017-01-16 16:51:48,640 [Worker-14] INFO  o.e.m.c.i.e.AbstractTransferListenerAdapter - Downloaded https://repo.maven.apache.org/maven2/org/apache/maven/plugins/maven-site-plugin/3.3/maven-site-plugin-3.3.jar
2017-01-16 16:51:48,680 [Worker-14] INFO  o.e.m.c.i.e.AbstractTransferListenerAdapter - Downloaded https://repo.maven.apache.org/maven2/org/apache/maven/plugins/maven-compiler-plugin/3.5.1/maven-compiler-plugin-3.5.1.pom
2017-01-16 16:51:48,690 [Worker-14] INFO  o.e.m.c.i.l.LifecycleMappingFactory - Using org.eclipse.m2e.jdt.JarLifecycleMapping lifecycle mapping for MavenProject: CI_Fibonacci:CI_Fibonacci:0.0.1-SNAPSHOT @ D:\Users\204069337\Documents\ACE\Material\16 Continuous Integration\Homework\Workspace\Fibonacci\pom.xml.
2017-01-16 16:51:48,710 [Worker-14] INFO  o.e.m.c.i.e.AbstractTransferListenerAdapter - Downloaded https://repo.maven.apache.org/maven2/junit/junit/4.12/junit-4.12.pom
2017-01-16 16:51:48,720 [Worker-14] INFO  o.e.m.c.i.e.AbstractTransferListenerAdapter - Downloaded https://repo.maven.apache.org/maven2/com/puppycrawl/tools/checkstyle/7.4/checkstyle-7.4.pom
2017-01-16 16:51:48,950 [Worker-14] INFO  o.e.m.c.i.e.AbstractTransferListenerAdapter - Downloaded https://repo.maven.apache.org/maven2/org/apache/maven/plugins/maven-resources-plugin/2.6/maven-resources-plugin-2.6.pom
2017-01-16 16:57:21,398 [Worker-13] INFO  o.e.m.c.i.l.LifecycleMappingFactory - Using org.eclipse.m2e.jdt.JarLifecycleMapping lifecycle mapping for MavenProject: CI_Fibonacci:CI_Fibonacci:0.0.1-SNAPSHOT @ D:\Users\204069337\Documents\ACE\Material\16 Continuous Integration\Homework\Workspace\Fibonacci\pom.xml.
2017-01-16 16:57:46,576 [main] INFO  o.e.m2e.actions.ExecutePomAction - Creating new launch configuration
2017-01-16 16:57:54,721 [Worker-22] INFO  o.e.m.i.launch.MavenLaunchDelegate - D:\Users\204069337\Documents\ACE\Material\16 Continuous Integration\Homework\Workspace\Fibonacci
2017-01-16 16:57:54,721 [Worker-22] INFO  o.e.m.i.launch.MavenLaunchDelegate -  mvn -B 
2017-01-16 16:58:53,895 [Worker-16] INFO  o.e.m.i.discovery.MavenDiscovery - No lifecyle mapping found at jar:file:/D:/Users/204069~1/AppData/Local/Temp/RemoteBundleDiscoveryStrategy4161472137409521332.tmp/org.eclipse.m2e.discovery.oss_catalog_1.6.jar_594390896853141614.jar!/lifecycle%2Forg.eclipse.m2e.discovery.lifecyclemapping.m2e-egit.xml
2017-01-16 16:58:53,895 [Worker-16] WARN  o.e.m.i.discovery.MavenDiscovery - CatalogItem org.eclipse.m2e.discovery.lifecyclemapping.m2e-egit does not contain lifecycle mapping metadata
2017-01-16 16:58:53,895 [Worker-16] INFO  o.e.m.i.discovery.MavenDiscovery - No lifecyle mapping found at jar:file:/D:/Users/204069~1/AppData/Local/Temp/RemoteBundleDiscoveryStrategy4161472137409521332.tmp/org.eclipse.m2e.discovery.oss_catalog_1.6.jar_594390896853141614.jar!/lifecycle%2Forg.eclipse.m2e.discovery.lifecyclemapping.m2e-subversive.xml
2017-01-16 16:58:53,895 [Worker-16] WARN  o.e.m.i.discovery.MavenDiscovery - CatalogItem org.eclipse.m2e.discovery.lifecyclemapping.m2e-subversive does not contain lifecycle mapping metadata
2017-01-16 17:00:24,794 [Worker-27] INFO  o.e.m.c.i.p.ProjectConfigurationManager - Update started
2017-01-16 17:00:24,794 [Worker-27] INFO  o.e.m.c.i.p.ProjectConfigurationManager - Update completed: 0 sec
2017-01-16 17:03:05,068 [Worker-0] INFO  c.g.t.t.d.PublishedGradleVersions - Gradle version information cache is up-to-date. Trying to read.
2017-01-16 17:03:05,518 [Worker-6] INFO  o.e.m.c.i.p.ProjectConfigurationManager - Update started
2017-01-16 17:03:06,104 [Worker-6] INFO  o.e.m.c.i.l.LifecycleMappingFactory - Using org.eclipse.m2e.jdt.JarLifecycleMapping lifecycle mapping for MavenProject: CI_Fibonacci:CI_Fibonacci:0.0.1-SNAPSHOT @ D:\Users\204069337\Documents\ACE\Material\16 Continuous Integration\Homework\Workspace\Fibonacci\pom.xml.
2017-01-16 17:03:06,194 [Worker-6] INFO  o.e.m.c.i.p.ProjectConfigurationManager - Update completed: 0 sec
2017-01-16 17:03:43,585 [Worker-17] INFO  o.e.m.i.discovery.MavenDiscovery - No lifecyle mapping found at jar:file:/D:/Users/204069~1/AppData/Local/Temp/RemoteBundleDiscoveryStrategy6398757271485097403.tmp/org.eclipse.m2e.discovery.oss_catalog_1.6.jar_540969012707863473.jar!/lifecycle%2Forg.eclipse.m2e.discovery.lifecyclemapping.m2e-egit.xml
2017-01-16 17:03:43,585 [Worker-17] WARN  o.e.m.i.discovery.MavenDiscovery - CatalogItem org.eclipse.m2e.discovery.lifecyclemapping.m2e-egit does not contain lifecycle mapping metadata
2017-01-16 17:03:43,585 [Worker-17] INFO  o.e.m.i.discovery.MavenDiscovery - No lifecyle mapping found at jar:file:/D:/Users/204069~1/AppData/Local/Temp/RemoteBundleDiscoveryStrategy6398757271485097403.tmp/org.eclipse.m2e.discovery.oss_catalog_1.6.jar_540969012707863473.jar!/lifecycle%2Forg.eclipse.m2e.discovery.lifecyclemapping.m2e-subversive.xml
2017-01-16 17:03:43,585 [Worker-17] WARN  o.e.m.i.discovery.MavenDiscovery - CatalogItem org.eclipse.m2e.discovery.lifecyclemapping.m2e-subversive does not contain lifecycle mapping metadata
2017-01-16 17:04:16,063 [Worker-4] INFO  o.e.m.c.i.p.ProjectConfigurationManager - Update started
2017-01-16 17:04:16,063 [Worker-4] INFO  o.e.m.c.i.p.ProjectConfigurationManager - Update completed: 0 sec
